#
# There is insufficient memory for the Java Runtime Environment to continue.
# Native memory allocation (mmap) failed to map 143130624 bytes for committing reserved memory.
# Possible reasons:
#   The system is out of physical RAM or swap space
#   In 32 bit mode, the process size limit was hit
# Possible solutions:
#   Reduce memory load on the system
#   Increase physical memory or swap space
#   Check if swap backing store is full
#   Use 64 bit Java on a 64 bit OS
#   Decrease Java heap size (-Xmx/-Xms)
#   Decrease number of Java threads
#   Decrease Java thread stack sizes (-Xss)
#   Set larger code cache with -XX:ReservedCodeCacheSize=
# This output file may be truncated or incomplete.
#
#  Out of Memory Error (os_linux.cpp:2627), pid=10896, tid=0x63edbb40
#
# JRE version: Java(TM) SE Runtime Environment (8.0_111-b14) (build 1.8.0_111-b14)
# Java VM: Java HotSpot(TM) Server VM (25.111-b14 mixed mode linux-x86 )
# Failed to write core dump. Core dumps have been disabled. To enable core dumping, try "ulimit -c unlimited" before starting Java again
#

---------------  T H R E A D  ---------------

Current thread (0x63d10800):  VMThread [stack: 0x63e5b000,0x63edc000] [id=10905]

Stack: [0x63e5b000,0x63edc000],  sp=0x63eda930,  free space=510k
Native frames: (J=compiled Java code, j=interpreted, Vv=VM code, C=native code)
V  [libjvm.so+0x8d5b9f]  VMError::report_and_die()+0x16f
V  [libjvm.so+0x38e6d5]  report_vm_out_of_memory(char const*, int, unsigned int, VMErrorType, char const*)+0x55
V  [libjvm.so+0x756a26]  os::Linux::commit_memory_impl(char*, unsigned int, bool)+0xe6
V  [libjvm.so+0x756ef8]  os::pd_commit_memory(char*, unsigned int, unsigned int, bool)+0x28
V  [libjvm.so+0x750e1c]  os::commit_memory(char*, unsigned int, unsigned int, bool)+0x2c
V  [libjvm.so+0x7bc308]  PSVirtualSpace::expand_by(unsigned int)+0x48
V  [libjvm.so+0x7bd40a]  PSYoungGen::resize_generation(unsigned int, unsigned int)+0xda
V  [libjvm.so+0x7bc739]  PSYoungGen::resize(unsigned int, unsigned int)+0x19
V  [libjvm.so+0x7ba065]  PSScavenge::invoke_no_policy()+0xd15
V  [libjvm.so+0x7ba828]  PSScavenge::invoke()+0x28
V  [libjvm.so+0x77849a]  ParallelScavengeHeap::failed_mem_allocate(unsigned int)+0x5a
V  [libjvm.so+0x8d766a]  VM_ParallelGCFailedAllocation::doit()+0x7a
V  [libjvm.so+0x8e0d27]  VM_Operation::evaluate()+0x47
V  [libjvm.so+0x8dee03]  VMThread::evaluate_operation(VM_Operation*)+0xb3
V  [libjvm.so+0x8df1a0]  VMThread::loop()+0x1b0
V  [libjvm.so+0x8df605]  VMThread::run()+0x85
V  [libjvm.so+0x759079]  java_start(Thread*)+0x119
C  [libpthread.so.0+0x6295]  start_thread+0xe5

VM_Operation (0x635ad560): ParallelGCFailedAllocation, mode: safepoint, requested by thread 0x63d8e000


---------------  P R O C E S S  ---------------

Java Threads: ( => current thread )
  0x63d8e000 JavaThread "pool-1-thread-1" [_thread_blocked, id=10978, stack(0x6355e000,0x635af000)]
  0x63d38800 JavaThread "Service Thread" daemon [_thread_blocked, id=10917, stack(0x637a9000,0x637fa000)]
  0x63d35400 JavaThread "C1 CompilerThread1" daemon [_thread_blocked, id=10916, stack(0x637fa000,0x6387b000)]
  0x63d33800 JavaThread "C2 CompilerThread0" daemon [_thread_blocked, id=10913, stack(0x6387b000,0x638fc000)]
  0x63d31c00 JavaThread "Signal Dispatcher" daemon [_thread_blocked, id=10912, stack(0x638fc000,0x6394d000)]
  0x63d17c00 JavaThread "Finalizer" daemon [_thread_blocked, id=10909, stack(0x63e0a000,0x63e5b000)]
  0x63d15000 JavaThread "Reference Handler" daemon [_thread_blocked, id=10907, stack(0x66a05000,0x66a56000)]
  0xb6507800 JavaThread "main" [_thread_blocked, id=10900, stack(0xb6610000,0xb6661000)]

Other Threads:
=>0x63d10800 VMThread [stack: 0x63e5b000,0x63edc000] [id=10905]
  0x63d3a400 WatcherThread [stack: 0x63728000,0x637a9000] [id=10919]

VM state:at safepoint (normal execution)

VM Mutex/Monitor currently owned by a thread:  ([mutex/lock_event])
[0xb6504f18] Threads_lock - owner thread: 0x63d10800
[0xb6505328] Heap_lock - owner thread: 0x63d8e000

Heap:
 PSYoungGen      total 139264K, used 14326K [0x91ac0000, 0x9b2c0000, 0xa7000000)
  eden space 124928K, 0% used [0x91ac0000,0x91ac0000,0x994c0000)
  from space 14336K, 99% used [0x994c0000,0x9a2bd818,0x9a2c0000)
  to   space 12288K, 0% used [0x9a2c0000,0x9a2c0000,0x9aec0000)
 ParOldGen       total 42496K, used 34167K [0x67000000, 0x69980000, 0x91ac0000)
  object space 42496K, 80% used [0x67000000,0x6915def8,0x69980000)
 Metaspace       used 4327K, capacity 4358K, committed 4376K, reserved 4400K

Card table byte_map: [0x66dff000,0x67000000] byte_map_base: 0x66ac7000

Marking Bits: (ParMarkBitMap*) 0xb70c18c0
 Begin Bits: [0x64900000, 0x65900000)
 End Bits:   [0x65900000, 0x66900000)

Polling page: 0xb76dd000

CodeCache: size=245760Kb used=5479Kb max_used=5479Kb free=240280Kb
 bounds [0xa7487000, 0xa79e7000, 0xb6487000]
 total_blobs=2046 nmethods=1885 adapters=75
 compilation: enabled

Compilation events (10 events):
Event: 7.251 Thread 0x63d35400 2211       2       com.android.dx.dex.code.LocalList$MakeState::checkForEmptyRange (198 bytes)
Event: 7.252 Thread 0x63d35400 nmethod 2211 0xa79df0c8 code [0xa79df320, 0xa79dfbc4]
Event: 7.252 Thread 0x63d35400 2210       2       com.android.dx.rop.code.RegisterSpecList::getWordCount (33 bytes)
Event: 7.253 Thread 0x63d35400 nmethod 2210 0xa79e0ac8 code [0xa79e0c00, 0xa79e0dc4]
Event: 7.256 Thread 0x63d35400 2213       2       com.android.dx.rop.code.RegisterSpecList::subset (85 bytes)
Event: 7.257 Thread 0x63d35400 nmethod 2213 0xa79e1008 code [0xa79e11c0, 0xa79e16d4]
Event: 7.257 Thread 0x63d35400 2214       2       com.android.dx.dex.file.StringIdsSection::get (49 bytes)
Event: 7.257 Thread 0x63d35400 nmethod 2214 0xa79e1dc8 code [0xa79e1f40, 0xa79e2230]
Event: 7.257 Thread 0x63d35400 2212       2       com.android.dx.dex.code.form.Form22c::compatibleRegs (48 bytes)
Event: 7.258 Thread 0x63d35400 nmethod 2212 0xa79e2488 code [0xa79e2600, 0xa79e2894]

GC Heap History (10 events):
Event: 1.613 GC heap after
Heap after GC invocations=2 (full 0):
 PSYoungGen      total 34304K, used 2556K [0x91ac0000, 0x93ec0000, 0xa7000000)
  eden space 31744K, 0% used [0x91ac0000,0x91ac0000,0x939c0000)
  from space 2560K, 99% used [0x93c40000,0x93ebf108,0x93ec0000)
  to   space 2560K, 0% used [0x939c0000,0x939c0000,0x93c40000)
 ParOldGen       total 42496K, used 3323K [0x67000000, 0x69980000, 0x91ac0000)
  object space 42496K, 7% used [0x67000000,0x6733ece8,0x69980000)
 Metaspace       used 3794K, capacity 3814K, committed 3864K, reserved 4400K
}
Event: 2.198 GC heap before
{Heap before GC invocations=3 (full 0):
 PSYoungGen      total 34304K, used 34300K [0x91ac0000, 0x93ec0000, 0xa7000000)
  eden space 31744K, 100% used [0x91ac0000,0x939c0000,0x939c0000)
  from space 2560K, 99% used [0x93c40000,0x93ebf108,0x93ec0000)
  to   space 2560K, 0% used [0x939c0000,0x939c0000,0x93c40000)
 ParOldGen       total 42496K, used 3323K [0x67000000, 0x69980000, 0x91ac0000)
  object space 42496K, 7% used [0x67000000,0x6733ece8,0x69980000)
 Metaspace       used 3840K, capacity 3878K, committed 3992K, reserved 4400K
Event: 2.251 GC heap after
Heap after GC invocations=3 (full 0):
 PSYoungGen      total 34304K, used 2553K [0x91ac0000, 0x95dc0000, 0xa7000000)
  eden space 31744K, 0% used [0x91ac0000,0x91ac0000,0x939c0000)
  from space 2560K, 99% used [0x939c0000,0x93c3e490,0x93c40000)
  to   space 2560K, 0% used [0x95b40000,0x95b40000,0x95dc0000)
 ParOldGen       total 42496K, used 8486K [0x67000000, 0x69980000, 0x91ac0000)
  object space 42496K, 19% used [0x67000000,0x67849a78,0x69980000)
 Metaspace       used 3840K, capacity 3878K, committed 3992K, reserved 4400K
}
Event: 2.772 GC heap before
{Heap before GC invocations=4 (full 0):
 PSYoungGen      total 34304K, used 34297K [0x91ac0000, 0x95dc0000, 0xa7000000)
  eden space 31744K, 100% used [0x91ac0000,0x939c0000,0x939c0000)
  from space 2560K, 99% used [0x939c0000,0x93c3e490,0x93c40000)
  to   space 2560K, 0% used [0x95b40000,0x95b40000,0x95dc0000)
 ParOldGen       total 42496K, used 8486K [0x67000000, 0x69980000, 0x91ac0000)
  object space 42496K, 19% used [0x67000000,0x67849a78,0x69980000)
 Metaspace       used 3938K, capacity 3974K, committed 3992K, reserved 4400K
Event: 2.834 GC heap after
Heap after GC invocations=4 (full 0):
 PSYoungGen      total 66048K, used 2548K [0x91ac0000, 0x95dc0000, 0xa7000000)
  eden space 63488K, 0% used [0x91ac0000,0x91ac0000,0x958c0000)
  from space 2560K, 99% used [0x95b40000,0x95dbd3b8,0x95dc0000)
  to   space 2560K, 0% used [0x958c0000,0x958c0000,0x95b40000)
 ParOldGen       total 42496K, used 13325K [0x67000000, 0x69980000, 0x91ac0000)
  object space 42496K, 31% used [0x67000000,0x67d03628,0x69980000)
 Metaspace       used 3938K, capacity 3974K, committed 3992K, reserved 4400K
}
Event: 3.598 GC heap before
{Heap before GC invocations=5 (full 0):
 PSYoungGen      total 66048K, used 66036K [0x91ac0000, 0x95dc0000, 0xa7000000)
  eden space 63488K, 100% used [0x91ac0000,0x958c0000,0x958c0000)
  from space 2560K, 99% used [0x95b40000,0x95dbd3b8,0x95dc0000)
  to   space 2560K, 0% used [0x958c0000,0x958c0000,0x95b40000)
 ParOldGen       total 42496K, used 13325K [0x67000000, 0x69980000, 0x91ac0000)
  object space 42496K, 31% used [0x67000000,0x67d03628,0x69980000)
 Metaspace       used 3994K, capacity 4038K, committed 4120K, reserved 4400K
Event: 3.697 GC heap after
Heap after GC invocations=5 (full 0):
 PSYoungGen      total 66048K, used 2557K [0x91ac0000, 0x9aec0000, 0xa7000000)
  eden space 63488K, 0% used [0x91ac0000,0x91ac0000,0x958c0000)
  from space 2560K, 99% used [0x958c0000,0x95b3f4f0,0x95b40000)
  to   space 12288K, 0% used [0x9a2c0000,0x9a2c0000,0x9aec0000)
 ParOldGen       total 42496K, used 21972K [0x67000000, 0x69980000, 0x91ac0000)
  object space 42496K, 51% used [0x67000000,0x68575108,0x69980000)
 Metaspace       used 3994K, capacity 4038K, committed 4120K, reserved 4400K
}
Event: 4.352 GC heap before
{Heap before GC invocations=6 (full 0):
 PSYoungGen      total 66048K, used 66045K [0x91ac0000, 0x9aec0000, 0xa7000000)
  eden space 63488K, 100% used [0x91ac0000,0x958c0000,0x958c0000)
  from space 2560K, 99% used [0x958c0000,0x95b3f4f0,0x95b40000)
  to   space 12288K, 0% used [0x9a2c0000,0x9a2c0000,0x9aec0000)
 ParOldGen       total 42496K, used 21972K [0x67000000, 0x69980000, 0x91ac0000)
  object space 42496K, 51% used [0x67000000,0x68575108,0x69980000)
 Metaspace       used 4026K, capacity 4070K, committed 4120K, reserved 4400K
Event: 4.442 GC heap after
Heap after GC invocations=6 (full 0):
 PSYoungGen      total 137216K, used 12106K [0x91ac0000, 0x9b2c0000, 0xa7000000)
  eden space 124928K, 0% used [0x91ac0000,0x91ac0000,0x994c0000)
  from space 12288K, 98% used [0x9a2c0000,0x9ae92810,0x9aec0000)
  to   space 14336K, 0% used [0x994c0000,0x994c0000,0x9a2c0000)
 ParOldGen       total 42496K, used 21972K [0x67000000, 0x69980000, 0x91ac0000)
  object space 42496K, 51% used [0x67000000,0x68575108,0x69980000)
 Metaspace       used 4026K, capacity 4070K, committed 4120K, reserved 4400K
}
Event: 7.260 GC heap before
{Heap before GC invocations=7 (full 0):
 PSYoungGen      total 137216K, used 137034K [0x91ac0000, 0x9b2c0000, 0xa7000000)
  eden space 124928K, 100% used [0x91ac0000,0x994c0000,0x994c0000)
  from space 12288K, 98% used [0x9a2c0000,0x9ae92810,0x9aec0000)
  to   space 14336K, 0% used [0x994c0000,0x994c0000,0x9a2c0000)
 ParOldGen       total 42496K, used 21972K [0x67000000, 0x69980000, 0x91ac0000)
  object space 42496K, 51% used [0x67000000,0x68575108,0x69980000)
 Metaspace       used 4327K, capacity 4358K, committed 4376K, reserved 4400K

Deoptimization events (10 events):
Event: 3.056 Thread 0x63d9ac00 Uncommon trap: reason=bimorphic action=maybe_recompile pc=0xa777df7c method=java.util.HashMap.getNode(ILjava/lang/Object;)Ljava/util/HashMap$Node; @ 126
Event: 3.056 Thread 0x63d9ac00 Uncommon trap: reason=bimorphic action=maybe_recompile pc=0xa777df7c method=java.util.HashMap.getNode(ILjava/lang/Object;)Ljava/util/HashMap$Node; @ 126
Event: 3.334 Thread 0x63d9bc00 Uncommon trap: reason=bimorphic action=maybe_recompile pc=0xa777df7c method=java.util.HashMap.getNode(ILjava/lang/Object;)Ljava/util/HashMap$Node; @ 126
Event: 5.403 Thread 0x63d99c00 Uncommon trap: reason=unstable_if action=reinterpret pc=0xa78dd77c method=com.android.dx.ssa.SsaMethod.updateOneDefinition(Lcom/android/dx/ssa/SsaInsn;Lcom/android/dx/rop/code/RegisterSpec;)V @ 4
Event: 6.850 Thread 0x63d8e000 Uncommon trap: reason=speculate_class_check action=maybe_recompile pc=0xa78ddd60 method=com.android.dx.util.FixedSizeList.equals(Ljava/lang/Object;)Z @ 25
Event: 6.850 Thread 0x63d8e000 Uncommon trap: reason=class_check action=maybe_recompile pc=0xa77f7d08 method=java.util.Arrays.equals([Ljava/lang/Object;[Ljava/lang/Object;)Z @ 62
Event: 6.850 Thread 0x63d8e000 Uncommon trap: reason=speculate_class_check action=maybe_recompile pc=0xa78ddd60 method=com.android.dx.util.FixedSizeList.equals(Ljava/lang/Object;)Z @ 25
Event: 6.850 Thread 0x63d8e000 Uncommon trap: reason=unstable_if action=reinterpret pc=0xa77f7d30 method=java.util.Arrays.equals([Ljava/lang/Object;[Ljava/lang/Object;)Z @ 23
Event: 6.919 Thread 0x63d8e000 Uncommon trap: reason=speculate_class_check action=maybe_recompile pc=0xa78ddd60 method=com.android.dx.util.FixedSizeList.equals(Ljava/lang/Object;)Z @ 25
Event: 6.919 Thread 0x63d8e000 Uncommon trap: reason=speculate_class_check action=maybe_recompile pc=0xa78ddd60 method=com.android.dx.util.FixedSizeList.equals(Ljava/lang/Object;)Z @ 25

Internal exceptions (6 events):
Event: 0.047 Thread 0xb6507800 Exception <a 'java/lang/NoSuchMethodError': Method sun.misc.Unsafe.defineClass(Ljava/lang/String;[BII)Ljava/lang/Class; name or signature does not match> (0x91ac6e60) thrown at [/HUDSON/workspace/8-2-build-linux-i586/jdk8u111/7883/hotspot/src/share/vm/pri
Event: 0.047 Thread 0xb6507800 Exception <a 'java/lang/NoSuchMethodError': Method sun.misc.Unsafe.prefetchRead(Ljava/lang/Object;J)V name or signature does not match> (0x91ac7130) thrown at [/HUDSON/workspace/8-2-build-linux-i586/jdk8u111/7883/hotspot/src/share/vm/prims/jni.cpp, line 4
Event: 1.709 Thread 0x63d8c000 Implicit null exception at 0xa7684852 to 0xa7686941
Event: 2.269 Thread 0x63d9ac00 Exception <a 'java/lang/ArrayIndexOutOfBoundsException': 18> (0x91c19da8) thrown at [/HUDSON/workspace/8-2-build-linux-i586/jdk8u111/7883/hotspot/src/share/vm/interpreter/interpreterRuntime.cpp, line 366]
Event: 2.269 Thread 0x63d9ac00 Exception <a 'java/lang/ArrayIndexOutOfBoundsException': 145> (0x91c1b648) thrown at [/HUDSON/workspace/8-2-build-linux-i586/jdk8u111/7883/hotspot/src/share/vm/interpreter/interpreterRuntime.cpp, line 366]
Event: 2.272 Thread 0x63d9ac00 Exception <a 'java/lang/ArrayIndexOutOfBoundsException': 40> (0x91c1c728) thrown at [/HUDSON/workspace/8-2-build-linux-i586/jdk8u111/7883/hotspot/src/share/vm/interpreter/interpreterRuntime.cpp, line 366]

Events (10 events):
Event: 7.157 Thread 0x63d8e000 DEOPT UNPACKING pc=0xa74c3590 sp=0x635ad654 mode 0
Event: 7.158 Thread 0x63d8e000 DEOPT PACKING pc=0xa7992f31 sp=0x635ad6a0
Event: 7.158 Thread 0x63d8e000 DEOPT UNPACKING pc=0xa74c3590 sp=0x635ad568 mode 0
Event: 7.189 Thread 0x63d8e000 DEOPT PACKING pc=0xa798e0dd sp=0x635ad770
Event: 7.189 Thread 0x63d8e000 DEOPT UNPACKING pc=0xa74c3590 sp=0x635ad630 mode 0
Event: 7.209 Thread 0x63d8e000 DEOPT PACKING pc=0xa79af62d sp=0x635ad770
Event: 7.215 Thread 0x63d8e000 DEOPT UNPACKING pc=0xa74c3590 sp=0x635ad66c mode 0
Event: 7.235 Thread 0x63d8e000 DEOPT PACKING pc=0xa79b3db0 sp=0x635ad770
Event: 7.235 Thread 0x63d8e000 DEOPT UNPACKING pc=0xa74c3590 sp=0x635ad63c mode 0
Event: 7.259 Executing VM operation: ParallelGCFailedAllocation


Dynamic libraries:
08048000-08049000 r-xp 00000000 08:03 2360260    /usr/lib/jvm/java-8-oracle/bin/java
08049000-0804a000 rw-p 00000000 08:03 2360260    /usr/lib/jvm/java-8-oracle/bin/java
09d59000-0a1a1000 rw-p 00000000 00:00 0          [heap]
63100000-632a2000 rw-p 00000000 00:00 0 
632a2000-63300000 ---p 00000000 00:00 0 
63300000-63400000 rw-p 00000000 00:00 0 
6346b000-6346e000 ---p 00000000 00:00 0 
6346e000-634bc000 rw-p 00000000 00:00 0 
634bc000-634bf000 ---p 00000000 00:00 0 
634bf000-6350d000 rw-p 00000000 00:00 0 
6350d000-63510000 ---p 00000000 00:00 0 
63510000-6355e000 rw-p 00000000 00:00 0 
6355e000-63561000 ---p 00000000 00:00 0 
63561000-635af000 rw-p 00000000 00:00 0 
635af000-635b2000 ---p 00000000 00:00 0 
635b2000-63600000 rw-p 00000000 00:00 0 
63600000-636fa000 rw-p 00000000 00:00 0 
636fa000-63700000 ---p 00000000 00:00 0 
63728000-63729000 ---p 00000000 00:00 0 
63729000-637a9000 rw-p 00000000 00:00 0 
637a9000-637ac000 ---p 00000000 00:00 0 
637ac000-637fa000 rw-p 00000000 00:00 0 
637fa000-637fd000 ---p 00000000 00:00 0 
637fd000-6387b000 rw-p 00000000 00:00 0 
6387b000-6387e000 ---p 00000000 00:00 0 
6387e000-638fc000 rw-p 00000000 00:00 0 
638fc000-638ff000 ---p 00000000 00:00 0 
638ff000-6394d000 rw-p 00000000 00:00 0 
6394d000-63b00000 r--p 002d7000 08:03 2363764    /usr/lib/locale/locale-archive
63b00000-63d00000 r--p 00000000 08:03 2363764    /usr/lib/locale/locale-archive
63d00000-63dce000 rw-p 00000000 00:00 0 
63dce000-63e00000 ---p 00000000 00:00 0 
63e0a000-63e0d000 ---p 00000000 00:00 0 
63e0d000-63e5b000 rw-p 00000000 00:00 0 
63e5b000-63e5c000 ---p 00000000 00:00 0 
63e5c000-63edc000 rw-p 00000000 00:00 0 
63edc000-640b4000 r--s 03d2a000 08:03 2376560    /usr/lib/jvm/java-8-oracle/jre/lib/rt.jar
640b4000-644fa000 rw-p 00000000 00:00 0 
644fa000-64500000 ---p 00000000 00:00 0 
64500000-66900000 rw-p 00000000 00:00 0 
66900000-66a00000 rw-p 00000000 00:00 0 
66a05000-66a08000 ---p 00000000 00:00 0 
66a08000-66b00000 rw-p 00000000 00:00 0 
66b00000-66b21000 rw-p 00000000 00:00 0 
66b21000-66c00000 ---p 00000000 00:00 0 
66c28000-66c29000 ---p 00000000 00:00 0 
66c29000-66cbe000 rw-p 00000000 00:00 0 
66cbe000-66dff000 ---p 00000000 00:00 0 
66dff000-66e14000 rw-p 00000000 00:00 0 
66e14000-66f54000 ---p 00000000 00:00 0 
66f54000-66fa1000 rw-p 00000000 00:00 0 
66fa1000-66fff000 ---p 00000000 00:00 0 
66fff000-69980000 rw-p 00000000 00:00 0 
69980000-91ac0000 ---p 00000000 00:00 0 
91ac0000-9b2c0000 rw-p 00000000 00:00 0 
a38cc000-a3b1f000 rw-p 00000000 00:00 0 
a3b1f000-a3b40000 r--p 00000000 08:03 3563230    /usr/share/locale-langpack/zh_CN/LC_MESSAGES/libc.mo
a3b40000-a7000000 ---p 00000000 00:00 0 
a701f000-a702e000 r--s 000df000 08:03 5777064    /home/better/software/android/android-sdk-linux/build-tools/23.0.3/lib/dx.jar
a702e000-a7046000 rw-p 00000000 00:00 0 
a7046000-a7047000 ---p 00000000 00:00 0 
a7047000-a70dd000 rw-p 00000000 00:00 0 
a70dd000-a7487000 ---p 00000000 00:00 0 
a7487000-a79e7000 rwxp 00000000 00:00 0 
a79e7000-b6487000 ---p 00000000 00:00 0 
b6487000-b6492000 r-xp 00000000 08:03 132454     /lib/i386-linux-gnu/libnss_files-2.23.so
b6492000-b6493000 r--p 0000a000 08:03 132454     /lib/i386-linux-gnu/libnss_files-2.23.so
b6493000-b6494000 rw-p 0000b000 08:03 132454     /lib/i386-linux-gnu/libnss_files-2.23.so
b6494000-b649a000 rw-p 00000000 00:00 0 
b649a000-b64b1000 r-xp 00000000 08:03 132342     /lib/i386-linux-gnu/libnsl-2.23.so
b64b1000-b64b2000 r--p 00016000 08:03 132342     /lib/i386-linux-gnu/libnsl-2.23.so
b64b2000-b64b3000 rw-p 00017000 08:03 132342     /lib/i386-linux-gnu/libnsl-2.23.so
b64b3000-b64b5000 rw-p 00000000 00:00 0 
b64b9000-b64d2000 r-xp 00000000 08:03 2373173    /usr/lib/jvm/java-8-oracle/jre/lib/i386/libzip.so
b64d2000-b64d3000 rw-p 00019000 08:03 2373173    /usr/lib/jvm/java-8-oracle/jre/lib/i386/libzip.so
b64d3000-b64db000 rw-s 00000000 08:03 6949069    /tmp/hsperfdata_root/10896
b64db000-b64ff000 r-xp 00000000 08:03 2372473    /usr/lib/jvm/java-8-oracle/jre/lib/i386/libjava.so
b64ff000-b6500000 rw-p 00024000 08:03 2372473    /usr/lib/jvm/java-8-oracle/jre/lib/i386/libjava.so
b6500000-b65f9000 rw-p 00000000 00:00 0 
b65f9000-b6600000 ---p 00000000 00:00 0 
b6600000-b6607000 r--s 00000000 08:03 2382190    /usr/lib/i386-linux-gnu/gconv/gconv-modules.cache
b6607000-b660e000 r-xp 00000000 08:03 132494     /lib/i386-linux-gnu/librt-2.23.so
b660e000-b660f000 r--p 00006000 08:03 132494     /lib/i386-linux-gnu/librt-2.23.so
b660f000-b6610000 rw-p 00007000 08:03 132494     /lib/i386-linux-gnu/librt-2.23.so
b6610000-b6613000 ---p 00000000 00:00 0 
b6613000-b6661000 rw-p 00000000 00:00 0 
b6661000-b66b4000 r-xp 00000000 08:03 131976     /lib/i386-linux-gnu/libm-2.23.so
b66b4000-b66b5000 r--p 00052000 08:03 131976     /lib/i386-linux-gnu/libm-2.23.so
b66b5000-b66b6000 rw-p 00053000 08:03 131976     /lib/i386-linux-gnu/libm-2.23.so
b66b6000-b7041000 r-xp 00000000 08:03 2373181    /usr/lib/jvm/java-8-oracle/jre/lib/i386/server/libjvm.so
b7041000-b70ae000 rw-p 0098b000 08:03 2373181    /usr/lib/jvm/java-8-oracle/jre/lib/i386/server/libjvm.so
b70ae000-b74d7000 rw-p 00000000 00:00 0 
b74d7000-b7686000 r-xp 00000000 08:03 132350     /lib/i386-linux-gnu/libc-2.23.so
b7686000-b7687000 ---p 001af000 08:03 132350     /lib/i386-linux-gnu/libc-2.23.so
b7687000-b7689000 r--p 001af000 08:03 132350     /lib/i386-linux-gnu/libc-2.23.so
b7689000-b768a000 rw-p 001b1000 08:03 132350     /lib/i386-linux-gnu/libc-2.23.so
b768a000-b768d000 rw-p 00000000 00:00 0 
b768d000-b7690000 r-xp 00000000 08:03 131130     /lib/i386-linux-gnu/libdl-2.23.so
b7690000-b7691000 r--p 00002000 08:03 131130     /lib/i386-linux-gnu/libdl-2.23.so
b7691000-b7692000 rw-p 00003000 08:03 131130     /lib/i386-linux-gnu/libdl-2.23.so
b7692000-b76a6000 r-xp 00000000 08:03 2622872    /usr/lib/jvm/java-8-oracle/lib/i386/jli/libjli.so
b76a6000-b76a7000 rw-p 00014000 08:03 2622872    /usr/lib/jvm/java-8-oracle/lib/i386/jli/libjli.so
b76a7000-b76c0000 r-xp 00000000 08:03 132518     /lib/i386-linux-gnu/libpthread-2.23.so
b76c0000-b76c1000 r--p 00018000 08:03 132518     /lib/i386-linux-gnu/libpthread-2.23.so
b76c1000-b76c2000 rw-p 00019000 08:03 132518     /lib/i386-linux-gnu/libpthread-2.23.so
b76c2000-b76c4000 rw-p 00000000 00:00 0 
b76c5000-b76d0000 r-xp 00000000 08:03 131211     /lib/i386-linux-gnu/libnss_nis-2.23.so
b76d0000-b76d1000 r--p 0000a000 08:03 131211     /lib/i386-linux-gnu/libnss_nis-2.23.so
b76d1000-b76d2000 rw-p 0000b000 08:03 131211     /lib/i386-linux-gnu/libnss_nis-2.23.so
b76d2000-b76da000 r-xp 00000000 08:03 132457     /lib/i386-linux-gnu/libnss_compat-2.23.so
b76da000-b76db000 r--p 00007000 08:03 132457     /lib/i386-linux-gnu/libnss_compat-2.23.so
b76db000-b76dc000 rw-p 00008000 08:03 132457     /lib/i386-linux-gnu/libnss_compat-2.23.so
b76dc000-b76dd000 rw-p 00000000 00:00 0 
b76dd000-b76de000 ---p 00000000 00:00 0 
b76de000-b76e9000 r-xp 00000000 08:03 2370875    /usr/lib/jvm/java-8-oracle/jre/lib/i386/libverify.so
b76e9000-b76ea000 rw-p 0000b000 08:03 2370875    /usr/lib/jvm/java-8-oracle/jre/lib/i386/libverify.so
b76ea000-b76ec000 rw-p 00000000 00:00 0 
b76ec000-b76ee000 r--p 00000000 00:00 0          [vvar]
b76ee000-b76ef000 r-xp 00000000 00:00 0          [vdso]
b76ef000-b7711000 r-xp 00000000 08:03 132351     /lib/i386-linux-gnu/ld-2.23.so
b7711000-b7712000 rw-p 00000000 00:00 0 
b7712000-b7713000 r--p 00022000 08:03 132351     /lib/i386-linux-gnu/ld-2.23.so
b7713000-b7714000 rw-p 00023000 08:03 132351     /lib/i386-linux-gnu/ld-2.23.so
bfa5f000-bfa60000 rwxp 00000000 00:00 0 
bfa92000-bfab3000 rw-p 00000000 00:00 0          [stack]

VM Arguments:
jvm_args: -Djava.awt.headless=true -Xmx1024M -Dfile.encoding=UTF-8 -Duser.country=CN -Duser.language=zh -Duser.variant 
java_command: com.android.dx.command.Main --dex --force-jumbo --num-threads=4 --multi-dex --output /root/AndroidStudioProjects/jian/app/build/intermediates/transforms/dex/debug/folders/1000/10/core-3.2.1_7cbe42c14d7eae00612a94cab544849d25d04fd0 /root/.gradle/caches/modules-2/files-2.1/com.google.zxing/core/3.2.1/2287494d4f5f9f3a9a2bb6980e3f32053721b315/core-3.2.1.jar
java_class_path (initial): /home/better/software/android/android-sdk-linux/build-tools/23.0.3/lib/dx.jar
Launcher Type: SUN_STANDARD

Environment Variables:
JAVA_HOME=/usr/lib/jvm/java-8-oracle
PATH=/usr/local/sbin:/usr/local/bin:/usr/sbin:/usr/bin:/sbin:/bin:/usr/games:/usr/local/games:/home/better/software/composer/vendor/bin:/home/better/software/axels-2.4/:/snap/bin:/usr/lib/jvm/java-8-oracle/bin:/usr/lib/jvm/java-8-oracle/db/bin:/usr/lib/jvm/java-8-oracle/jre/bin:/home/better/software/android-studio/bin:/home/better/software/eclipse
LD_LIBRARY_PATH=/home/better/software/android-studio/bin:
SHELL=/bin/bash
DISPLAY=:1

Signal Handlers:
SIGSEGV: [libjvm.so+0x8d66b0], sa_mask[0]=11111111011111111101111111111110, sa_flags=SA_RESTART|SA_SIGINFO
SIGBUS: [libjvm.so+0x8d66b0], sa_mask[0]=11111111011111111101111111111110, sa_flags=SA_RESTART|SA_SIGINFO
SIGFPE: [libjvm.so+0x753700], sa_mask[0]=11111111011111111101111111111110, sa_flags=SA_RESTART|SA_SIGINFO
SIGPIPE: [libjvm.so+0x753700], sa_mask[0]=11111111011111111101111111111110, sa_flags=SA_RESTART|SA_SIGINFO
SIGXFSZ: [libjvm.so+0x753700], sa_mask[0]=11111111011111111101111111111110, sa_flags=SA_RESTART|SA_SIGINFO
SIGILL: [libjvm.so+0x753700], sa_mask[0]=11111111011111111101111111111110, sa_flags=SA_RESTART|SA_SIGINFO
SIGUSR1: SIG_DFL, sa_mask[0]=00000000000000000000000000000000, sa_flags=none
SIGUSR2: [libjvm.so+0x754d80], sa_mask[0]=00100000000000000000000000000000, sa_flags=SA_RESTART|SA_SIGINFO
SIGHUP: [libjvm.so+0x756230], sa_mask[0]=11111111011111111101111111111110, sa_flags=SA_RESTART|SA_SIGINFO
SIGINT: SIG_IGN, sa_mask[0]=00000000000000000000000000000000, sa_flags=none
SIGTERM: [libjvm.so+0x756230], sa_mask[0]=11111111011111111101111111111110, sa_flags=SA_RESTART|SA_SIGINFO
SIGQUIT: [libjvm.so+0x756230], sa_mask[0]=11111111011111111101111111111110, sa_flags=SA_RESTART|SA_SIGINFO


---------------  S Y S T E M  ---------------

OS:DISTRIB_ID=Ubuntu
DISTRIB_RELEASE=16.04
DISTRIB_CODENAME=xenial
DISTRIB_DESCRIPTION="Ubuntu 16.04.2 LTS"

uname:Linux 4.4.0-74-generic #95-Ubuntu SMP Wed Apr 12 09:49:33 UTC 2017 i686
libc:glibc 2.23 NPTL 2.23 
rlimit: STACK 8192k, CORE 0k, NPROC 31189, NOFILE 65536, AS infinity
load average:2.60 1.70 1.16

/proc/meminfo:
MemTotal:        4030012 kB
MemFree:          224280 kB
MemAvailable:      28300 kB
Buffers:           27384 kB
Cached:           255640 kB
SwapCached:         6508 kB
Active:          2429972 kB
Inactive:        1283968 kB
Active(anon):    2381008 kB
Inactive(anon):  1241680 kB
Active(file):      48964 kB
Inactive(file):    42288 kB
Unevictable:         156 kB
Mlocked:             156 kB
HighTotal:       3174504 kB
HighFree:          39812 kB
LowTotal:         855508 kB
LowFree:          184468 kB
SwapTotal:        487420 kB
SwapFree:              0 kB
Dirty:               540 kB
Writeback:             0 kB
AnonPages:       3424592 kB
Mapped:           157088 kB
Shmem:            191836 kB
Slab:              45112 kB
SReclaimable:      24164 kB
SUnreclaim:        20948 kB
KernelStack:        5568 kB
PageTables:        19268 kB
NFS_Unstable:          0 kB
Bounce:                0 kB
WritebackTmp:          0 kB
CommitLimit:     2502424 kB
Committed_AS:    8256840 kB
VmallocTotal:     122880 kB
VmallocUsed:           0 kB
VmallocChunk:          0 kB
AnonHugePages:   1316864 kB
CmaTotal:              0 kB
CmaFree:               0 kB
HugePages_Total:       0
HugePages_Free:        0
HugePages_Rsvd:        0
HugePages_Surp:        0
Hugepagesize:       2048 kB
DirectMap4k:       20472 kB
DirectMap2M:      890880 kB


CPU:total 2 (2 cores per cpu, 1 threads per core) family 6 model 42 stepping 7, cmov, cx8, fxsr, mmx, sse, sse2, sse3, ssse3, sse4.1, sse4.2, popcnt, clmul, tsc, tscinvbit

/proc/cpuinfo:
processor	: 0
vendor_id	: GenuineIntel
cpu family	: 6
model		: 42
model name	: Intel(R) Celeron(R) CPU G530 @ 2.40GHz
stepping	: 7
microcode	: 0x29
cpu MHz		: 2400.000
cache size	: 2048 KB
physical id	: 0
siblings	: 2
core id		: 0
cpu cores	: 2
apicid		: 0
initial apicid	: 0
fdiv_bug	: no
f00f_bug	: no
coma_bug	: no
fpu		: yes
fpu_exception	: yes
cpuid level	: 13
wp		: yes
flags		: fpu vme de pse tsc msr pae mce cx8 apic sep mtrr pge mca cmov pat pse36 clflush dts acpi mmx fxsr sse sse2 ss ht tm pbe nx rdtscp lm constant_tsc arch_perfmon pebs bts xtopology nonstop_tsc aperfmperf eagerfpu pni pclmulqdq dtes64 monitor ds_cpl vmx est tm2 ssse3 cx16 xtpr pdcm pcid sse4_1 sse4_2 popcnt tsc_deadline_timer xsave lahf_lm epb tpr_shadow vnmi flexpriority ept vpid xsaveopt dtherm arat pln pts
bugs		:
bogomips	: 4789.21
clflush size	: 64
cache_alignment	: 64
address sizes	: 36 bits physical, 48 bits virtual
power management:

processor	: 1
vendor_id	: GenuineIntel
cpu family	: 6
model		: 42
model name	: Intel(R) Celeron(R) CPU G530 @ 2.40GHz
stepping	: 7
microcode	: 0x29
cpu MHz		: 2399.906
cache size	: 2048 KB
physical id	: 0
siblings	: 2
core id		: 1
cpu cores	: 2
apicid		: 2
initial apicid	: 2
fdiv_bug	: no
f00f_bug	: no
coma_bug	: no
fpu		: yes
fpu_exception	: yes
cpuid level	: 13
wp		: yes
flags		: fpu vme de pse tsc msr pae mce cx8 apic sep mtrr pge mca cmov pat pse36 clflush dts acpi mmx fxsr sse sse2 ss ht tm pbe nx rdtscp lm constant_tsc arch_perfmon pebs bts xtopology nonstop_tsc aperfmperf eagerfpu pni pclmulqdq dtes64 monitor ds_cpl vmx est tm2 ssse3 cx16 xtpr pdcm pcid sse4_1 sse4_2 popcnt tsc_deadline_timer xsave lahf_lm epb tpr_shadow vnmi flexpriority ept vpid xsaveopt dtherm arat pln pts
bugs		:
bogomips	: 4789.21
clflush size	: 64
cache_alignment	: 64
address sizes	: 36 bits physical, 48 bits virtual
power management:



Memory: 4k page, physical 4030012k(224280k free), swap 487420k(0k free)

vm_info: Java HotSpot(TM) Server VM (25.111-b14) for linux-x86 JRE (1.8.0_111-b14), built on Sep 22 2016 15:52:27 by "java_re" with gcc 4.3.0 20080428 (Red Hat 4.3.0-8)

time: Thu May 18 13:56:34 2017
elapsed time: 7 seconds (0d 0h 0m 7s)

